# JRE version: OpenJDK Runtime Environment Temurin-21.0.8+9 (21.0.8+9) (build 21.0.8+9-LTS)
# Java VM: OpenJDK 64-Bit Server VM Temurin-21.0.8+9 (21.0.8+9-LTS, mixed mode, sharing, tiered, compressed oops, compressed class ptrs, g1 gc, windows-amd64)
GC Precious Log:
 CardTable entry size: 512
 Card Set container configuration: InlinePtr #cards 4 size 8 Array Of Cards #cards 16 size 48 Howl #buckets 8 coarsen threshold 3686 Howl Bitmap #cards 512 size 80 coarsen threshold 460 Card regions per heap region 1 cards per card region 4096
 CPUs: 12 total, 12 available
 Memory: 16016M
 Large Page Support: Disabled
 NUMA Support: Disabled
 Compressed Oops: Enabled (Zero based)
 Heap Region Size: 2M
 Heap Min Capacity: 8M
 Heap Initial Capacity: 252M
 Heap Max Capacity: 4006M
 Pre-touch: Disabled
 Parallel Workers: 10
 Concurrent Workers: 3
 Concurrent Refinement Workers: 10
 Periodic GC: Disabled
Heap:
 garbage-first heap   total 79872K, used 58558K [0x0000000705a00000, 0x0000000800000000)
  region size 2048K, 18 young (36864K), 3 survivors (6144K)
 Metaspace       used 73113K, committed 73856K, reserved 1114112K
  class space    used 9920K, committed 10240K, reserved 1048576K
GC Heap History (20 events):
Event: 0.469 GC heap before
{Heap before GC invocations=0 (full 0):
 garbage-first heap   total 258048K, used 20480K [0x0000000705a00000, 0x0000000800000000)
  region size 2048K, 11 young (22528K), 0 survivors (0K)
 Metaspace       used 5212K, committed 5376K, reserved 1114112K
  class space    used 603K, committed 704K, reserved 1048576K
}
Event: 0.474 GC heap after
{Heap after GC invocations=1 (full 0):
 garbage-first heap   total 258048K, used 7382K [0x0000000705a00000, 0x0000000800000000)
  region size 2048K, 2 young (4096K), 2 survivors (4096K)
 Metaspace       used 5212K, committed 5376K, reserved 1114112K
  class space    used 603K, committed 704K, reserved 1048576K
}
Event: 0.925 GC heap before
{Heap before GC invocations=1 (full 0):
 garbage-first heap   total 258048K, used 31958K [0x0000000705a00000, 0x0000000800000000)
  region size 2048K, 14 young (28672K), 2 survivors (4096K)
 Metaspace       used 11240K, committed 11648K, reserved 1114112K
  class space    used 1498K, committed 1664K, reserved 1048576K
}
Event: 0.930 GC heap after
{Heap after GC invocations=2 (full 0):
 garbage-first heap   total 258048K, used 9260K [0x0000000705a00000, 0x0000000800000000)
  region size 2048K, 1 young (2048K), 1 survivors (2048K)
 Metaspace       used 11240K, committed 11648K, reserved 1114112K
  class space    used 1498K, committed 1664K, reserved 1048576K
}
Event: 1.642 GC heap before
{Heap before GC invocations=2 (full 0):
 garbage-first heap   total 258048K, used 54316K [0x0000000705a00000, 0x0000000800000000)
  region size 2048K, 25 young (51200K), 1 survivors (2048K)
 Metaspace       used 21203K, committed 21504K, reserved 1114112K
  class space    used 2743K, committed 2880K, reserved 1048576K
}
Event: 1.647 GC heap after
{Heap after GC invocations=3 (full 0):
 garbage-first heap   total 258048K, used 13910K [0x0000000705a00000, 0x0000000800000000)
  region size 2048K, 4 young (8192K), 4 survivors (8192K)
 Metaspace       used 21203K, committed 21504K, reserved 1114112K
  class space    used 2743K, committed 2880K, reserved 1048576K
}
Event: 2.619 GC heap before
{Heap before GC invocations=4 (full 0):
 garbage-first heap   total 55296K, used 52822K [0x0000000705a00000, 0x0000000800000000)
  region size 2048K, 23 young (47104K), 4 survivors (8192K)
 Metaspace       used 26764K, committed 27136K, reserved 1114112K
  class space    used 3490K, committed 3648K, reserved 1048576K
}
Event: 2.627 GC heap after
{Heap after GC invocations=5 (full 0):
 garbage-first heap   total 65536K, used 17148K [0x0000000705a00000, 0x0000000800000000)
  region size 2048K, 5 young (10240K), 5 survivors (10240K)
 Metaspace       used 26764K, committed 27136K, reserved 1114112K
  class space    used 3490K, committed 3648K, reserved 1048576K
}
Event: 3.281 GC heap before
{Heap before GC invocations=5 (full 0):
 garbage-first heap   total 65536K, used 45820K [0x0000000705a00000, 0x0000000800000000)
  region size 2048K, 19 young (38912K), 5 survivors (10240K)
 Metaspace       used 32169K, committed 32704K, reserved 1114112K
  class space    used 4229K, committed 4480K, reserved 1048576K
}
Event: 3.291 GC heap after
{Heap after GC invocations=6 (full 0):
 garbage-first heap   total 65536K, used 19697K [0x0000000705a00000, 0x0000000800000000)
  region size 2048K, 2 young (4096K), 2 survivors (4096K)
 Metaspace       used 32169K, committed 32704K, reserved 1114112K
  class space    used 4229K, committed 4480K, reserved 1048576K
}
Event: 3.696 GC heap before
{Heap before GC invocations=6 (full 0):
 garbage-first heap   total 65536K, used 29937K [0x0000000705a00000, 0x0000000800000000)
  region size 2048K, 8 young (16384K), 2 survivors (4096K)
 Metaspace       used 35511K, committed 35968K, reserved 1114112K
  class space    used 4600K, committed 4800K, reserved 1048576K
}
Event: 3.702 GC heap after
{Heap after GC invocations=7 (full 0):
 garbage-first heap   total 65536K, used 21084K [0x0000000705a00000, 0x0000000800000000)
  region size 2048K, 1 young (2048K), 1 survivors (2048K)
 Metaspace       used 35511K, committed 35968K, reserved 1114112K
  class space    used 4600K, committed 4800K, reserved 1048576K
}
Event: 4.716 GC heap before
{Heap before GC invocations=8 (full 0):
 garbage-first heap   total 65536K, used 49756K [0x0000000705a00000, 0x0000000800000000)
  region size 2048K, 15 young (30720K), 1 survivors (2048K)
 Metaspace       used 42380K, committed 42944K, reserved 1114112K
  class space    used 5625K, committed 5888K, reserved 1048576K
}
Event: 4.721 GC heap after
{Heap after GC invocations=9 (full 0):
 garbage-first heap   total 79872K, used 23225K [0x0000000705a00000, 0x0000000800000000)
  region size 2048K, 2 young (4096K), 2 survivors (4096K)
 Metaspace       used 42380K, committed 42944K, reserved 1114112K
  class space    used 5625K, committed 5888K, reserved 1048576K
}
Event: 5.461 GC heap before
{Heap before GC invocations=9 (full 0):
 garbage-first heap   total 79872K, used 62137K [0x0000000705a00000, 0x0000000800000000)
  region size 2048K, 22 young (45056K), 2 survivors (4096K)
 Metaspace       used 53905K, committed 54528K, reserved 1114112K
  class space    used 7261K, committed 7552K, reserved 1048576K
}
Event: 5.469 GC heap after
{Heap after GC invocations=10 (full 0):
 garbage-first heap   total 79872K, used 25213K [0x0000000705a00000, 0x0000000800000000)
  region size 2048K, 3 young (6144K), 3 survivors (6144K)
 Metaspace       used 53905K, committed 54528K, reserved 1114112K
  class space    used 7261K, committed 7552K, reserved 1048576K
}
Event: 5.826 GC heap before
{Heap before GC invocations=10 (full 0):
 garbage-first heap   total 79872K, used 47741K [0x0000000705a00000, 0x0000000800000000)
  region size 2048K, 15 young (30720K), 3 survivors (6144K)
 Metaspace       used 59701K, committed 60288K, reserved 1114112K
  class space    used 8173K, committed 8448K, reserved 1048576K
}
Event: 5.832 GC heap after
{Heap after GC invocations=11 (full 0):
 garbage-first heap   total 79872K, used 26129K [0x0000000705a00000, 0x0000000800000000)
  region size 2048K, 2 young (4096K), 2 survivors (4096K)
 Metaspace       used 59701K, committed 60288K, reserved 1114112K
  class space    used 8173K, committed 8448K, reserved 1048576K
}
Event: 6.816 GC heap before
{Heap before GC invocations=12 (full 0):
 garbage-first heap   total 79872K, used 67089K [0x0000000705a00000, 0x0000000800000000)
  region size 2048K, 22 young (45056K), 2 survivors (4096K)
 Metaspace       used 66272K, committed 66944K, reserved 1114112K
  class space    used 9119K, committed 9408K, reserved 1048576K
}
Event: 6.822 GC heap after
{Heap after GC invocations=13 (full 0):
 garbage-first heap   total 79872K, used 29886K [0x0000000705a00000, 0x0000000800000000)
  region size 2048K, 3 young (6144K), 3 survivors (6144K)
 Metaspace       used 66272K, committed 66944K, reserved 1114112K
  class space    used 9119K, committed 9408K, reserved 1048576K
}

